0 info it worked if it ends with ok
1 verbose cli [ 'node',
1 verbose cli   '/usr/local/bin/npm',
1 verbose cli   'install',
1 verbose cli   '--save',
1 verbose cli   'body-parser' ]
2 info using npm@1.4.28
3 info using node@v0.10.33
4 verbose readDependencies using package.json deps
5 verbose cache add [ 'body-parser', null ]
6 verbose cache add name=undefined spec="body-parser" args=["body-parser",null]
7 verbose parsed url { protocol: null,
7 verbose parsed url   slashes: null,
7 verbose parsed url   auth: null,
7 verbose parsed url   host: null,
7 verbose parsed url   port: null,
7 verbose parsed url   hostname: null,
7 verbose parsed url   hash: null,
7 verbose parsed url   search: null,
7 verbose parsed url   query: null,
7 verbose parsed url   pathname: 'body-parser',
7 verbose parsed url   path: 'body-parser',
7 verbose parsed url   href: 'body-parser' }
8 silly lockFile 14cf125c-body-parser body-parser
9 verbose lock body-parser /Users/angelzdotax/.npm/14cf125c-body-parser.lock
10 silly lockFile 14cf125c-body-parser body-parser
11 silly lockFile 14cf125c-body-parser body-parser
12 verbose addNamed [ 'body-parser', '' ]
13 verbose addNamed [ null, '*' ]
14 silly lockFile 9f665704-body-parser body-parser@
15 verbose lock body-parser@ /Users/angelzdotax/.npm/9f665704-body-parser.lock
16 silly addNameRange { name: 'body-parser', range: '*', hasData: false }
17 verbose request where is /body-parser
18 verbose request registry https://registry.npmjs.org/
19 verbose request id 8d957a53f6fcb098
20 verbose url raw /body-parser
21 verbose url resolving [ 'https://registry.npmjs.org/', './body-parser' ]
22 verbose url resolved https://registry.npmjs.org/body-parser
23 verbose request where is https://registry.npmjs.org/body-parser
24 info trying registry request attempt 1 at 19:06:36
25 verbose etag "CQT1ETO6E37NGMZHIBHF79O2X"
26 http GET https://registry.npmjs.org/body-parser
27 info retry will retry, error on last attempt: Error: getaddrinfo ENOTFOUND
28 info trying registry request attempt 2 at 19:07:16
29 verbose etag "CQT1ETO6E37NGMZHIBHF79O2X"
30 http GET https://registry.npmjs.org/body-parser
31 info retry will retry, error on last attempt: Error: getaddrinfo ENOTFOUND
32 info trying registry request attempt 3 at 19:08:46
33 verbose etag "CQT1ETO6E37NGMZHIBHF79O2X"
34 http GET https://registry.npmjs.org/body-parser
35 silly registry.get cb [ 304, undefined ]
36 verbose etag https://registry.npmjs.org/body-parser from cache
37 silly addNameRange number 2 { name: 'body-parser', range: '*', hasData: true }
38 silly addNameRange versions [ 'body-parser',
38 silly addNameRange   [ '1.0.0',
38 silly addNameRange     '1.0.1',
38 silly addNameRange     '1.0.2',
38 silly addNameRange     '1.1.0',
38 silly addNameRange     '1.1.1',
38 silly addNameRange     '1.1.2',
38 silly addNameRange     '1.2.0',
38 silly addNameRange     '1.2.1',
38 silly addNameRange     '1.2.2',
38 silly addNameRange     '1.3.0',
38 silly addNameRange     '1.3.1',
38 silly addNameRange     '1.4.0',
38 silly addNameRange     '1.4.1',
38 silly addNameRange     '1.4.2',
38 silly addNameRange     '1.4.3',
38 silly addNameRange     '1.5.0',
38 silly addNameRange     '1.5.1',
38 silly addNameRange     '1.5.2',
38 silly addNameRange     '1.6.0',
38 silly addNameRange     '1.6.1',
38 silly addNameRange     '1.6.2',
38 silly addNameRange     '1.6.3',
38 silly addNameRange     '1.6.4',
38 silly addNameRange     '1.6.5',
38 silly addNameRange     '1.6.6',
38 silly addNameRange     '1.6.7',
38 silly addNameRange     '1.7.0',
38 silly addNameRange     '1.8.0',
38 silly addNameRange     '1.8.1',
38 silly addNameRange     '1.8.2',
38 silly addNameRange     '1.8.3',
38 silly addNameRange     '1.8.4',
38 silly addNameRange     '1.9.0',
38 silly addNameRange     '1.9.1',
38 silly addNameRange     '1.9.2',
38 silly addNameRange     '1.9.3',
38 silly addNameRange     '1.10.0',
38 silly addNameRange     '1.10.1',
38 silly addNameRange     '1.10.2',
38 silly addNameRange     '1.11.0' ] ]
39 verbose addNamed [ 'body-parser', '1.11.0' ]
40 verbose addNamed [ '1.11.0', '1.11.0' ]
41 silly lockFile dd49358a-body-parser-1-11-0 body-parser@1.11.0
42 verbose lock body-parser@1.11.0 /Users/angelzdotax/.npm/dd49358a-body-parser-1-11-0.lock
43 silly lockFile 3af3c56e-dy-parser-body-parser-1-11-0-tgz https://registry.npmjs.org/body-parser/-/body-parser-1.11.0.tgz
44 verbose lock https://registry.npmjs.org/body-parser/-/body-parser-1.11.0.tgz /Users/angelzdotax/.npm/3af3c56e-dy-parser-body-parser-1-11-0-tgz.lock
45 verbose addRemoteTarball [ 'https://registry.npmjs.org/body-parser/-/body-parser-1.11.0.tgz',
45 verbose addRemoteTarball   '29f876cb608efa54e9b2185fe8105efc9219a7f3' ]
46 info retry fetch attempt 1 at 19:09:16
47 verbose fetch to= /var/folders/rr/3fxzdskd58vdb2935pqjs_v00000gn/T/npm-16623-PE4cVb6P/registry.npmjs.org/body-parser/-/body-parser-1.11.0.tgz
48 http GET https://registry.npmjs.org/body-parser/-/body-parser-1.11.0.tgz
49 error fetch failed https://registry.npmjs.org/body-parser/-/body-parser-1.11.0.tgz
50 info retry will retry, error on last attempt: Error: getaddrinfo ENOTFOUND
51 info retry fetch attempt 2 at 19:09:56
52 verbose fetch to= /var/folders/rr/3fxzdskd58vdb2935pqjs_v00000gn/T/npm-16623-PE4cVb6P/registry.npmjs.org/body-parser/-/body-parser-1.11.0.tgz
53 http GET https://registry.npmjs.org/body-parser/-/body-parser-1.11.0.tgz
54 error fetch failed https://registry.npmjs.org/body-parser/-/body-parser-1.11.0.tgz
55 info retry will retry, error on last attempt: Error: getaddrinfo ENOTFOUND
56 info retry fetch attempt 3 at 19:11:26
57 verbose fetch to= /var/folders/rr/3fxzdskd58vdb2935pqjs_v00000gn/T/npm-16623-PE4cVb6P/registry.npmjs.org/body-parser/-/body-parser-1.11.0.tgz
58 http GET https://registry.npmjs.org/body-parser/-/body-parser-1.11.0.tgz
59 error fetch failed https://registry.npmjs.org/body-parser/-/body-parser-1.11.0.tgz
60 silly lockFile 3af3c56e-dy-parser-body-parser-1-11-0-tgz https://registry.npmjs.org/body-parser/-/body-parser-1.11.0.tgz
61 silly lockFile 3af3c56e-dy-parser-body-parser-1-11-0-tgz https://registry.npmjs.org/body-parser/-/body-parser-1.11.0.tgz
62 silly lockFile dd49358a-body-parser-1-11-0 body-parser@1.11.0
63 silly lockFile dd49358a-body-parser-1-11-0 body-parser@1.11.0
64 silly lockFile 9f665704-body-parser body-parser@
65 silly lockFile 9f665704-body-parser body-parser@
66 error network getaddrinfo ENOTFOUND
66 error network This is most likely not a problem with npm itself
66 error network and is related to network connectivity.
66 error network In most cases you are behind a proxy or have bad network settings.
66 error network
66 error network If you are behind a proxy, please make sure that the
66 error network 'proxy' config is set properly.  See: 'npm help config'
67 error System Darwin 14.0.0
68 error command "node" "/usr/local/bin/npm" "install" "--save" "body-parser"
69 error cwd /Users/angelzdotax/wdi_seattle/homework/February/leviross
70 error node -v v0.10.33
71 error npm -v 1.4.28
72 error syscall getaddrinfo
73 error code ENOTFOUND
74 error errno ENOTFOUND
75 verbose exit [ 1, true ]
